<?xml version="1.0" encoding="UTF-8"?>
<testsuite xmlns:xsi="http://www.w3.org/2001/XMLSchema-instance" xsi:noNamespaceSchemaLocation="https://maven.apache.org/surefire/maven-surefire-plugin/xsd/surefire-test-report-3.0.xsd" version="3.0" name="com.gwent.bff.GwentBackendApplicationTests" time="7.148" tests="1" errors="0" skipped="0" failures="0">
  <properties>
[...]
</properties>
  <testcase name="contextLoads" classname="com.gwent.bff.GwentBackendApplicationTests" time="0.536">
    <system-out><![CDATA[21:13:45.235 [main] INFO org.springframework.test.context.support.AnnotationConfigContextLoaderUtils -- Could not detect default configuration classes for test class [com.gwent.bff.GwentBackendApplicationTests]: GwentBackendApplicationTests does not declare any static, non-private, non-final, nested classes annotated with @Configuration.
21:13:45.340 [main] INFO org.springframework.boot.test.context.SpringBootTestContextBootstrapper -- Found @SpringBootConfiguration com.gwent.bff.GwentBackendApplication for test class com.gwent.bff.GwentBackendApplicationTests
21:13:45.514 [main] INFO org.springframework.boot.devtools.restart.RestartApplicationListener -- Restart disabled due to context in which it is running
 ,----.   ,--.   ,--.,------.,--.  ,--.,--------.       ,-----.   ,---.   ,-----.,--. ,--.,------.,--.  ,--.,------.
'  .-./   |  |   |  ||  .---'|  ,'.|  |'--.  .--',-----.|  |) /_ /  O  \ '  .--./|  .'   /|  .---'|  ,'.|  ||  .-.  \
|  | .---.|  |.'.|  ||  `--, |  |' '  |   |  |   '-----'|  .-.  \  .-.  ||  |    |  .   ' |  `--, |  |' '  ||  |  \  :
'  '--'  ||   ,'.   ||  `---.|  | `   |   |  |          |  '--' /  | |  |'  '--'\|  |\   \|  `---.|  | `   ||  '--'  /
 `------' '--'   '--'`------'`--'  `--'   `--'          `------'`--' `--' `-----'`--' '--'`------'`--'  `--'`-------'

Application: gwent-bff 1.0.0 - Made by Ariel Marquez
Powered by: Spring Boot 3.2.0

2025-03-13T21:13:45.777-03:00  INFO 13060 --- [gwent-bff] [           main] c.g.bff.GwentBackendApplicationTests     : Starting GwentBackendApplicationTests using Java 21.0.6 with PID 13060 (started by arima in C:\Users\arima\IdeaProjects\gwent-backend)
2025-03-13T21:13:45.782-03:00  INFO 13060 --- [gwent-bff] [           main] c.g.bff.GwentBackendApplicationTests     : No active profile set, falling back to 1 default profile: "default"
2025-03-13T21:13:46.827-03:00  INFO 13060 --- [gwent-bff] [           main] .s.d.r.c.RepositoryConfigurationDelegate : Multiple Spring Data modules found, entering strict repository configuration mode
2025-03-13T21:13:46.829-03:00  INFO 13060 --- [gwent-bff] [           main] .s.d.r.c.RepositoryConfigurationDelegate : Bootstrapping Spring Data JDBC repositories in DEFAULT mode.
2025-03-13T21:13:46.859-03:00  INFO 13060 --- [gwent-bff] [           main] .RepositoryConfigurationExtensionSupport : Spring Data JDBC - Could not safely identify store assignment for repository candidate interface com.gwent.bff.repository.UserRepository; If you want this repository to be a JDBC repository, consider annotating your entities with one of these annotations: org.springframework.data.relational.core.mapping.Table.
2025-03-13T21:13:46.860-03:00  INFO 13060 --- [gwent-bff] [           main] .s.d.r.c.RepositoryConfigurationDelegate : Finished Spring Data repository scanning in 26 ms. Found 0 JDBC repository interfaces.
2025-03-13T21:13:46.869-03:00  INFO 13060 --- [gwent-bff] [           main] .s.d.r.c.RepositoryConfigurationDelegate : Multiple Spring Data modules found, entering strict repository configuration mode
2025-03-13T21:13:46.870-03:00  INFO 13060 --- [gwent-bff] [           main] .s.d.r.c.RepositoryConfigurationDelegate : Bootstrapping Spring Data JPA repositories in DEFAULT mode.
2025-03-13T21:13:46.897-03:00  INFO 13060 --- [gwent-bff] [           main] .s.d.r.c.RepositoryConfigurationDelegate : Finished Spring Data repository scanning in 23 ms. Found 1 JPA repository interface.
2025-03-13T21:13:47.688-03:00  INFO 13060 --- [gwent-bff] [           main] o.hibernate.jpa.internal.util.LogHelper  : HHH000204: Processing PersistenceUnitInfo [name: default]
2025-03-13T21:13:47.760-03:00  INFO 13060 --- [gwent-bff] [           main] org.hibernate.Version                    : HHH000412: Hibernate ORM core version 6.3.1.Final
2025-03-13T21:13:47.804-03:00  INFO 13060 --- [gwent-bff] [           main] o.h.c.internal.RegionFactoryInitiator    : HHH000026: Second-level cache disabled
2025-03-13T21:13:48.149-03:00  INFO 13060 --- [gwent-bff] [           main] o.s.o.j.p.SpringPersistenceUnitInfo      : No LoadTimeWeaver setup: ignoring JPA class transformer
2025-03-13T21:13:48.180-03:00  INFO 13060 --- [gwent-bff] [           main] com.zaxxer.hikari.HikariDataSource       : HikariPool-1 - Starting...
2025-03-13T21:13:48.358-03:00  INFO 13060 --- [gwent-bff] [           main] com.zaxxer.hikari.pool.HikariPool        : HikariPool-1 - Added connection com.mysql.cj.jdbc.ConnectionImpl@5b6cc344
2025-03-13T21:13:48.360-03:00  INFO 13060 --- [gwent-bff] [           main] com.zaxxer.hikari.HikariDataSource       : HikariPool-1 - Start completed.
2025-03-13T21:13:48.427-03:00  WARN 13060 --- [gwent-bff] [           main] org.hibernate.orm.deprecation            : HHH90000025: MySQLDialect does not need to be specified explicitly using 'hibernate.dialect' (remove the property setting and it will be selected by default)
2025-03-13T21:13:49.252-03:00  INFO 13060 --- [gwent-bff] [           main] o.h.e.t.j.p.i.JtaPlatformInitiator       : HHH000489: No JTA platform available (set 'hibernate.transaction.jta.platform' to enable JTA platform integration)
2025-03-13T21:13:49.337-03:00  INFO 13060 --- [gwent-bff] [           main] j.LocalContainerEntityManagerFactoryBean : Initialized JPA EntityManagerFactory for persistence unit 'default'
2025-03-13T21:13:50.206-03:00  WARN 13060 --- [gwent-bff] [           main] JpaBaseConfiguration$JpaWebConfiguration : spring.jpa.open-in-view is enabled by default. Therefore, database queries may be performed during view rendering. Explicitly configure spring.jpa.open-in-view to disable this warning
2025-03-13T21:13:51.495-03:00  INFO 13060 --- [gwent-bff] [           main] o.s.b.a.e.web.EndpointLinksResolver      : Exposing 1 endpoint(s) beneath base path '/actuator'
2025-03-13T21:13:51.575-03:00  INFO 13060 --- [gwent-bff] [           main] c.g.bff.GwentBackendApplicationTests     : Started GwentBackendApplicationTests in 6.075 seconds (process running for 7.078)
2025-03-13T21:13:51.657-03:00  INFO 13060 --- [gwent-bff] [           main] c.g.b.c.util.StartupMessageListener      : 

¡La aplicación de Spring se ha iniciado con éxito!


]]></system-out>
    <system-err><![CDATA[WARNING: A Java agent has been loaded dynamically (C:\Users\arima\.m2\repository\net\bytebuddy\byte-buddy-agent\1.14.10\byte-buddy-agent-1.14.10.jar)
WARNING: If a serviceability tool is in use, please run with -XX:+EnableDynamicAgentLoading to hide this warning
WARNING: If a serviceability tool is not in use, please run with -Djdk.instrument.traceUsage for more information
WARNING: Dynamic loading of agents will be disallowed by default in a future release
]]></system-err>
  </testcase>
</testsuite>